 AFRICA                     ALGERIA                   
 AFRICA                     ETHIOPIA                  
 AFRICA                     KENYA                     
 AFRICA                     MOROCCO                   
 AFRICA                     MOZAMBIQUE                
 AMERICA                    ARGENTINA                 
 AMERICA                    BRAZIL                    
 AMERICA                    CANADA                    
 AMERICA                    PERU                      
 AMERICA                    UNITED STATES             
 ASIA                       INDIA                     
 ASIA                       INDONESIA                 
 ASIA                       JAPAN
 ASIA                       CHINA                                          
 ASIA                       VIETNAM                   
 EUROPE                     FRANCE                    
 EUROPE                     GERMANY                   
 EUROPE                     ROMANIA                   
 EUROPE                     RUSSIA                    
 EUROPE                     UNITED KINGDOM            
 MIDDLE EAST                EGYPT                     
 MIDDLE EAST                IRAN                      
 MIDDLE EAST                IRAQ                      
 MIDDLE EAST                JORDAN                    
 MIDDLE EAST                SAUDI ARABIA              

