         40         16        2790             7 
         40         16       24610             4 
         40         16       35683             1 
         40         16       39045             5 
         40         16       39233             5 
         40         16       40999             1 
         40         16       41222             3 
         40         16       41955             4 
         40         16       46022             2 
        234         16        4260             1 
        234         16        5510             4 
        234         16        8448             1 
        234         16       13313             1 
        234         16       24902             3 
        234         16       35526             2 
        234         16       36002             3 
        234         16       50914             7 
        234         16       56802             2 
        234         16       57603             2 
        435         65        8353             3 
        435         65       20582             3 
        435         65       25796             5 
        435         65       35396             2 
        435         65       37348             2 
        435         65       43236             2 
        435         65       43716             1 
        435         65       55074             4 
        646         40         935             2 
        646         40        2785             3 
        646         40       23108             4 
        646         40       24899             5 
        646         40       29638             4 
        646         40       33570             1 
        646         40       52449             1 
        646         40       53282             2 
        728         25       10535             3 
        728         25       17312             1 
        728         25       35847             4 
        728         25       36804             4 
        841         42       11841             4 
        841         42       20643             1 
        841         42       21412             2 
        841         42       27522             3 
        841         42       40135             2 
        841         42       52290             5 
        841         42       52707             1 
        841         42       57638             4 
        915         16        1986             1 
        915         16       15778             3 
        915         16       17026             6 
        915         16       22695             2 
        915         16       25575             2 
        915         16       32097             5 
        915         16       36644             6 
        915         16       56737             2 
       1143         16        3973             2 
       1143         16       18593             4 
       1143         16       20774             2 
       1143         16       40485             4 
       1143         16       47558             5 
       1143         16       55490             4 
       1239         40       26145             3 
       1239         40       32066             1 
       1239         40       33569             3 
       1239         40       37924             4 
       1239         40       43972             3 
       1239         40       45250             2 
       1250         25        5925             2 
       1250         25       26691             1 
       1290         65        5990             1 
       1290         65       11011             5 
       1290         65       22501             3 
       1290         65       25959             3 
       1324         25        5762             4 
       1324         25       12545             3 
       1324         25       12996             3 
       1324         25       45220             1 
       1324         25       51078             1 
       1324         25       57124             6 
       1339         40        2882             5 
       1339         16        3399             1 
       1339         40        9472             2 
       1339         16       13059             4 
       1339         40       18375             4 
       1339         40       20451             2 
       1339         40       32001             4 
       1339         40       43074             2 
       1339         40       47104             1 
       1339         16       47139             2 
       1339         16       53954             1 
       1339         16       59590             6 
       1446         25        6337             2 
       1446         25        6533             2 
       1446         25       11008             5 
       1446         25       12035             2 
       1446         25       31554             5 
       1446         25       41989             2 
       1446         25       54050             1 
       1446         25       58535             5 
       1463         42        8000             6 
       1463         42       38496             7 
       1463         42       40358             2 
       1692         16        9696             1 
       1692         16       20612             6 
       1692         16       24705             3 
       1692         16       37282             3 
       1692         16       42407             2 
       1692         16       46501             3 
       1692         16       49314             5 
       1692         16       51783             2 
       1741         42       12802             5 
       1741         42       15558             3 
       1741         42       23749             2 
       1741         42       33507             2 
       1741         42       35842             3 
       1741         42       36358             2 
       1741         42       41666             3 
       1741         42       56228             4 
       1741         42       57251             1 
       1741         42       58752             6 
       1907         40       32934             1 
       1907         40       35909             6 
       1907         40       46657             3 
       1992         25       11110             3 
       1992         25       14822             2 
       1992         25       15079             7 
       1992         25       25061             6 
       1992         25       26693             2 
       1992         25       41062             3 
       1992         25       46723             1 
       1992         25       47680             1 
