        31  grey ghost steel maroon moccasin                     120.99 
        63  frosted puff hot rose coral                          274.15 
        68  bisque frosted pale puff sandy                         5.16 
       169  tan lime sky almond midnight                         476.19 
       178  blue black cornflower white powder                   362.26 
       254  linen frosted purple dark almond                     111.11 
       260  brown thistle light burnished chartreuse              11.99 
       401  almond wheat bisque ghost chiffon                    170.75 
       443  chocolate frosted grey indian rosy                    33.49 
       504  pink tan lace hot ivory                               68.22 
       513  light thistle grey lime saddle                       378.65 
       514  rosy sky puff lemon burlywood                        404.67 
       551  wheat blush firebrick bisque medium                  344.90 
       575  gainsboro seashell peach khaki firebrick             398.02 
       668  blue antique deep dark thistle                       601.16 
       788  floral cream mint burlywood khaki                    104.59 
       797  honeydew papaya puff mint white                      200.52 
       859  ivory navajo lime orchid deep                        330.52 
       880  medium turquoise gainsboro khaki red                 293.25 
       985  black chiffon chartreuse sienna lawn                  55.51 
      1000  cream frosted navajo aquamarine black                248.80 
      1084  olive black brown drab cyan                          377.46 
      1134  gainsboro sandy pale firebrick plum                  388.06 
      1170  pink lawn antique red firebrick                      115.32 
      1237  rosy blue bisque burlywood gainsboro                  54.57 
      1241  beige cream drab honeydew chiffon                     96.52 
      1250  lime khaki burnished chocolate green                   9.64 
      1266  orchid royal lawn dim coral                           28.63 
      1272  deep pink lemon cream blanched                        81.39 
      1290  plum lime forest linen green                         208.56 
      1299  black chocolate smoke dodger misty                   216.12 
      1397  bisque gainsboro honeydew orchid rosy                221.37 
      1435  midnight cyan firebrick azure navajo                 231.09 
      1436  pink cornsilk blanched indian bisque                 153.43 
      1492  floral magenta linen firebrick turquoise              67.72 
      1532  royal black navy lemon chocolate                     343.63 
      1552  chocolate chiffon cream orchid dim                   289.15 
      1622  burnished olive azure moccasin thistle                43.26 
      1629  smoke royal cornflower spring powder                 279.38 
      1728  steel dim frosted cornsilk rose                      586.82 
      1756  ivory sienna metallic salmon tan                     499.61 
      1768  sienna bisque orange black drab                       39.11 
      1828  saddle peru cream spring maroon                      217.75 
      1837  navy lavender burlywood papaya ivory                 260.44 
      1878  lavender frosted indian rose ivory                   245.70 
      1879  sienna indian antique cornflower misty               180.66 
      1931  cyan ivory black misty papaya                        185.43 
      1971  saddle red black honeydew brown                      222.88 


