        134              26.00 
        288              36.00 
       1088              30.00 
       2179              22.00 
       2213               1.00 
       2599              29.00 
       2912               8.00 
       3270              11.00 
       4742              29.00 
       4995              48.00 
       5536              30.00 
       6241              18.00 
       6241              23.00 
       6885              26.00 
       7687              49.00 
       8195              25.00 
       8613              40.00 
       9024              37.00 
      12453              17.00 
      12612              15.00 
      13671              14.00 
      13953              29.00 
      15490              30.00 
      15523               9.00 
      17126              38.00 
      19970              48.00 
      20740              14.00 
      20741              27.00 
      22887              40.00 
      23302              14.00 
      23302              15.00 
      23585              36.00 
      28100               2.00 
      30214              28.00 
      31204               9.00 
      31204              23.00 
      33287               6.00 
      34566              12.00 
      35267               5.00 
      35648              30.00 
      36005              49.00 
      37635              46.00 
      39399              10.00 
      40896              22.00 
      42182               8.00 
      43298              27.00 
      45476              17.00 
      47584              35.00 
      48324              46.00 
      48931              42.00 
      48961              18.00 
      52198              44.00 
      52355              18.00 
      56096              37.00 
      56455              16.00 
      57510              15.00 
      59875              33.00 


