          2 
         34 
         39 
         67 
         68 
         71 
        100 
        102 
        133 
        160 
        163 
        192 
        198 
        257 
        260 
        288 
        289 
        320 
        357 
        387 
        390 
        419 
        422 
        451 
        452 
        453 
        455 
        484 
        485 
        516 
        517 
        518 
        519 
        546 
        576 
        578 
        579 
        580 
        581 
        582 
        583 
        647 
        675 
        676 
        704 
        705 
        708 
        709 
        736 
        739 
        741 
        743 
        770 
        800 
        803 
        836 
        838 
        864 
        869 
        899 
        901 
        932 
        935 
        966 
        992 
        996 
        997 
       1024 
       1026 
       1061 
       1062 
       1090 
       1093 
       1094 
       1120 
       1121 
       1122 
       1124 
       1126 
       1155 
       1156 
       1157 
       1184 
       1190 
       1251 
       1252 
       1315 
       1318 
       1319 
       1347 
       1348 
       1349 
       1351 
       1376 
       1377 
       1379 
       1381 
       1408 
       1410 
       1413 
       1441 
       1443 
       1446 
       1472 
       1473 
       1475 
       1477 
       1478 
       1508 
       1510 
       1511 
       1536 
       1543 
       1568 
       1569 
       1570 
       1574 
       1605 
       1606 
       1632 
       1634 
       1635 
       1636 
       1638 
       1667 
       1668 
       1669 
       1670 
       1696 
       1697 
       1698 
       1730 
       1763 
       1766 
       1794 
       1798 
       1858 
       1859 
       1862 
       1889 
       1890 
       1893 
       1920 
       1923 
       1924 
       1954 
       1957 
       1959 
       1984 
       2017 
       2081 
       2087 
       2112 
       2113 
       2115 
       2117 
       2118 
       2151 
       2177 
       2178 
       2179 
       2180 
       2214 
       2242 
       2273 
       2278 
       2310 
       2337 
       2338 
       2369 
       2371 
       2372 
       2375 
       2400 
       2401 
       2402 
       2403 
       2404 
       2405 
       2406 
       2407 
       2434 
       2439 
       2464 
       2468 
       2469 
       2470 
       2471 
       2501 
       2533 
       2561 
       2565 
       2567 
       2599 
       2624 
       2629 
       2661 
       2692 
       2693 
       2727 
       2758 
       2784 
       2789 
       2850 
       2851 
       2884 
       2887 
       2913 
       2917 
       2918 
       2944 
       2950 
       2980 
       2981 
       3009 
       3013 
       3041 
       3047 
       3077 
       3079 
       3105 
       3106 
       3107 
       3170 
       3203 
       3207 
       3236 
       3239 
       3264 
       3267 
       3270 
       3303 
       3360 
       3364 
       3366 
       3398 
       3426 
       3427 
       3429 
       3462 
       3490 
       3491 
       3520 
       3523 
       3527 
       3552 
       3584 
       3618 
       3619 
       3620 
       3623 
       3651 
       3652 
       3682 
       3686 
       3713 
       3714 
       3716 
       3717 
       3718 
       3719 
       3748 
       3779 
       3811 
       3813 
       3815 
       3840 
       3843 
       3846 
       3872 
       3873 
       3875 
       3878 
       3904 
       3909 
       3936 
       3937 
       3943 
       3968 
       3969 
       4001 
       4002 
       4005 
       4032 
       4036 
       4039 
       4064 
       4066 
       4068 
       4071 
       4098 
       4131 
       4135 
       4164 
       4165 
       4167 
       4192 
       4196 
       4198 
       4224 
       4225 
       4228 
       4229 
       4231 
       4258 
       4259 
       4263 
       4320 
       4322 
       4326 
       4352 
       4353 
       4355 
       4357 
       4358 
       4386 
       4417 
       4421 
       4448 
       4449 
       4450 
       4453 
       4484 
       4486 
       4517 
       4518 
       4544 
       4549 
       4577 
       4609 
       4613 
       4644 
       4677 
       4678 
       4711 
       4802 
       4807 
       4832 
       4834 
       4836 
       4837 
       4865 
       4866 
       4868 
       4901 
       4902 
       4934 
       4961 
       4963 
       4964 
       4966 
       4967 
       4997 
       5024 
       5025 
       5026 
       5027 
       5030 
       5056 
       5057 
       5058 
       5063 
       5090 
       5091 
       5123 
       5124 
       5125 
       5127 
       5152 
       5154 
       5156 
       5157 
       5158 
       5159 
       5184 
       5185 
       5187 
       5216 
       5219 
       5280 
       5282 
       5286 
       5313 
       5344 
       5345 
       5348 
       5351 
       5377 
       5380 
       5410 
       5411 
       5412 
       5413 
       5440 
       5442 
       5443 
       5476 
       5477 
       5505 
       5507 
       5536 
       5537 
       5540 
       5541 
       5600 
       5602 
       5604 
       5606 
       5633 
       5664 
       5671 
       5700 
       5701 
       5730 
       5731 
       5732 
       5734 
       5761 
       5762 
       5763 
       5793 
       5797 
       5798 
       5824 
       5826 
       5827 
       5829 
       5831 
       5857 
       5859 
       5861 
       5862 
       5888 
       5895 
       5922 
       5923 
       5927 
       5952 
       5956 
       6021 
       6023 
       6049 
       6051 
       6055 
       6081 
       6084 
       6085 
       6087 
       6113 
       6114 
       6118 
       6145 
       6149 
       6176 
       6177 
       6208 
       6210 
       6215 
       6240 
       6242 
       6245 
       6247 
       6275 
       6277 
       6305 
       6306 
       6307 
       6308 
       6340 
       6342 
       6343 
       6375 
       6401 
       6405 
       6466 
       6467 
       6468 
       6471 
       6497 
       6503 
       6530 
       6533 
       6534 
       6565 
       6567 
       6593 
       6597 
       6599 
       6624 
       6630 
       6659 
       6660 
       6688 
       6689 
       6692 
       6721 
       6723 
       6752 
       6784 
       6786 
       6789 
       6816 
       6817 
       6819 
       6821 
       6822 
       6849 
       6851 
       6852 
       6853 
       6882 
       6883 
       6917 
       6919 
       6946 
       6981 
       6983 
       7010 
       7011 
       7012 
       7013 
       7041 
       7045 
       7047 
       7073 
       7104 
       7111 
       7138 
       7143 
       7168 
       7170 
       7172 
       7207 
       7232 
       7233 
       7234 
       7235 
       7237 
       7238 
       7264 
       7268 
       7270 
       7271 
       7296 
       7298 
       7328 
       7329 
       7330 
       7333 
       7334 
       7360 
       7365 
       7394 
       7395 
       7396 
       7399 
       7424 
       7425 
       7428 
       7456 
       7459 
       7463 
       7491 
       7520 
       7522 
       7523 
       7525 
       7526 
       7557 
       7584 
       7589 
       7590 
       7617 
       7621 
       7622 
       7648 
       7682 
       7683 
       7685 
       7712 
       7718 
       7748 
       7777 
       7780 
       7781 
       7809 
       7810 
       7844 
       7874 
       7907 
       7908 
       7911 
       7939 
       7969 
       7970 
       7972 
       7975 
       8036 
       8066 
       8096 
       8098 
       8100 
       8102 
       8128 
       8129 
       8134 
       8163 
       8166 
       8193 
       8196 
       8197 
       8198 
       8199 
       8262 
       8327 
       8354 
       8355 
       8357 
       8358 
       8385 
       8386 
       8417 
       8418 
       8420 
       8421 
       8423 
       8449 
       8453 
       8481 
       8482 
       8485 
       8486 
       8487 
       8517 
       8518 
       8547 
       8548 
       8549 
       8577 
       8579 
       8643 
       8645 
       8674 
       8675 
       8707 
       8708 
       8711 
       8737 
       8738 
       8739 
       8740 
       8741 
       8742 
       8769 
       8804 
       8836 
       8837 
       8838 
       8864 
       8866 
       8867 
       8896 
       8897 
       8929 
       8934 
       8935 
       8962 
       8963 
       8964 
       9030 
       9063 
       9090 
       9094 
       9122 
       9125 
       9153 
       9154 
       9184 
       9188 
       9189 
       9190 
       9217 
       9218 
       9220 
       9223 
       9252 
       9280 
       9287 
       9315 
       9346 
       9349 
       9376 
       9378 
       9410 
       9412 
       9441 
       9443 
       9445 
       9446 
       9475 
       9477 
       9510 
       9536 
       9569 
       9572 
       9603 
       9634 
       9636 
       9670 
       9730 
       9734 
       9735 
       9760 
       9795 
       9827 
       9830 
       9858 
       9862 
       9924 
       9984 
       9986 
       9988 
      10017 
      10020 
      10023 
      10049 
      10084 
      10087 
      10115 
      10116 
      10180 
      10211 
      10241 
      10246 
      10273 
      10275 
      10279 
      10307 
      10336 
      10375 
      10400 
      10401 
      10402 
      10404 
      10405 
      10465 
      10467 
      10496 
      10501 
      10529 
      10532 
      10533 
      10560 
      10561 
      10565 
      10595 
      10596 
      10597 
      10599 
      10628 
      10660 
      10690 
      10694 
      10720 
      10723 
      10725 
      10757 
      10758 
      10759 
      10787 
      10788 
      10817 
      10818 
      10848 
      10849 
      10850 
      10854 
      10855 
      10882 
      10883 
      10885 
      10912 
      10946 
      10950 
      10977 
      10983 
      11009 
      11010 
      11012 
      11015 
      11041 
      11042 
      11046 
      11079 
      11104 
      11139 
      11140 
      11141 
      11142 
      11170 
      11172 
      11175 
      11200 
      11201 
      11204 
      11205 
      11265 
      11266 
      11268 
      11298 
      11334 
      11360 
      11363 
      11364 
      11365 
      11394 
      11395 
      11397 
      11430 
      11458 
      11463 
      11489 
      11490 
      11492 
      11494 
      11521 
      11523 
      11525 
      11526 
      11554 
      11557 
      11587 
      11588 
      11618 
      11619 
      11620 
      11653 
      11655 
      11685 
      11717 
      11746 
      11749 
      11750 
      11778 
      11783 
      11844 
      11845 
      11847 
      11904 
      11905 
      11906 
      11937 
      11938 
      11939 
      11940 
      11970 
      11971 
      12003 
      12006 
      12032 
      12034 
      12035 
      12036 
      12065 
      12070 
      12071 
      12103 
      12128 
      12131 
      12132 
      12161 
      12162 
      12163 
      12167 
      12195 
      12197 
      12225 
      12226 
      12227 
      12230 
      12231 
      12288 
      12291 
      12324 
      12327 
      12354 
      12358 
      12359 
      12384 
      12387 
      12388 
      12391 
      12454 
      12513 
      12517 
      12547 
      12548 
      12549 
      12577 
      12578 
      12640 
      12647 
      12678 
      12679 
      12738 
      12740 
      12742 
      12775 
      12801 
      12802 
      12805 
      12807 
      12833 
      12834 
      12835 
      12838 
      12839 
      12865 
      12866 
      12896 
      12932 
      12933 
      12963 
      12964 
      12966 
      12992 
      12993 
      12998 
      13025 
      13026 
      13029 
      13057 
      13058 
      13059 
      13060 
      13061 
      13063 
      13092 
      13123 
      13153 
      13154 
      13159 
      13184 
      13185 
      13186 
      13188 
      13190 
      13191 
      13217 
      13219 
      13220 
      13222 
      13248 
      13249 
      13250 
      13251 
      13253 
      13254 
      13283 
      13287 
      13312 
      13315 
      13318 
      13344 
      13350 
      13412 
      13415 
      13442 
      13445 
      13474 
      13477 
      13478 
      13504 
      13505 
      13508 
      13509 
      13510 
      13511 
      13538 
      13539 
      13571 
      13573 
      13574 
      13603 
      13639 
      13667 
      13696 
      13697 
      13699 
      13701 
      13703 
      13733 
      13763 
      13796 
      13826 
      13829 
      13856 
      13859 
      13862 
      13893 
      13921 
      13925 
      13926 
      13952 
      13955 
      13985 
      13987 
      13989 
      13990 
      14019 
      14020 
      14050 
      14080 
      14082 
      14087 
      14144 
      14145 
      14148 
      14149 
      14151 
      14179 
      14180 
      14181 
      14183 
      14209 
      14214 
      14243 
      14244 
      14246 
      14277 
      14278 
      14279 
      14304 
      14307 
      14308 
      14310 
      14337 
      14339 
      14369 
      14370 
      14403 
      14404 
      14432 
      14464 
      14468 
      14469 
      14498 
      14501 
      14531 
      14560 
      14561 
      14565 
      14566 
      14567 
      14593 
      14595 
      14598 
      14624 
      14626 
      14631 
      14656 
      14659 
      14660 
      14688 
      14689 
      14690 
      14691 
      14694 
      14721 
      14722 
      14723 
      14753 
      14757 
      14759 
      14786 
      14787 
      14788 
      14818 
      14821 
      14848 
      14849 
      14850 
      14853 
      14880 
      14881 
      14882 
      14885 
      14914 
      14915 
      14917 
      14918 
      14919 
      14944 
      14946 
      14977 
      15008 
      15041 
      15046 
      15072 
      15077 
      15140 
      15143 
      15232 
      15237 
      15238 
      15239 
      15269 
      15328 
      15331 
      15360 
      15363 
      15364 
      15365 
      15393 
      15394 
      15396 
      15424 
      15426 
      15429 
      15430 
      15457 
      15458 
      15460 
      15488 
      15490 
      15493 
      15494 
      15495 
      15520 
      15521 
      15523 
      15525 
      15526 
      15527 
      15555 
      15558 
      15559 
      15584 
      15585 
      15587 
      15588 
      15590 
      15620 
      15649 
      15650 
      15655 
      15680 
      15685 
      15686 
      15717 
      15746 
      15749 
      15750 
      15776 
      15779 
      15783 
      15811 
      15812 
      15813 
      15840 
      15845 
      15879 
      15909 
      15910 
      15936 
      15939 
      15968 
      15973 
      15975 
      16000 
      16002 
      16003 
      16004 
      16006 
      16034 
      16037 
      16038 
      16066 
      16067 
      16099 
      16129 
      16131 
      16163 
      16167 
      16192 
      16198 
      16224 
      16226 
      16228 
      16256 
      16263 
      16290 
      16292 
      16293 
      16294 
      16324 
      16325 
      16353 
      16354 
      16355 
      16384 
      16386 
      16387 
      16391 
      16417 
      16421 
      16483 
      16485 
      16487 
      16514 
      16516 
      16544 
      16549 
      16576 
      16577 
      16581 
      16583 
      16608 
      16609 
      16614 
      16615 
      16644 
      16647 
      16672 
      16675 
      16705 
      16707 
      16736 
      16739 
      16743 
      16769 
      16773 
      16774 
      16833 
      16868 
      16869 
      16896 
      16899 
      16900 
      16902 
      16903 
      16928 
      16931 
      16934 
      16962 
      16965 
      16997 
      17025 
      17029 
      17030 
      17031 
      17056 
      17059 
      17060 
      17062 
      17063 
      17089 
      17092 
      17095 
      17120 
      17121 
      17122 
      17127 
      17154 
      17156 
      17184 
      17188 
      17220 
      17254 
      17318 
      17347 
      17348 
      17380 
      17412 
      17415 
      17443 
      17473 
      17474 
      17477 
      17478 
      17479 
      17536 
      17537 
      17569 
      17570 
      17572 
      17574 
      17575 
      17601 
      17603 
      17604 
      17605 
      17606 
      17639 
      17664 
      17667 
      17696 
      17699 
      17728 
      17730 
      17731 
      17732 
      17762 
      17763 
      17766 
      17767 
      17792 
      17830 
      17856 
      17857 
      17861 
      17920 
      17921 
      17923 
      17955 
      17984 
      17990 
      17991 
      18018 
      18019 
      18051 
      18052 
      18053 
      18081 
      18082 
      18086 
      18114 
      18118 
      18146 
      18149 
      18150 
      18183 
      18212 
      18240 
      18243 
      18246 
      18272 
      18276 
      18277 
      18305 
      18311 
      18339 
      18342 
      18343 
      18369 
      18401 
      18403 
      18404 
      18433 
      18434 
      18439 
      18469 
      18470 
      18497 
      18498 
      18499 
      18501 
      18502 
      18563 
      18567 
      18594 
      18630 
      18656 
      18657 
      18658 
      18660 
      18690 
      18691 
      18694 
      18695 
      18727 
      18755 
      18786 
      18817 
      18818 
      18848 
      18854 
      18881 
      18882 
      18885 
      18912 
      18913 
      18944 
      18947 
      18949 
      18977 
      18979 
      18982 
      19008 
      19011 
      19013 
      19014 
      19015 
      19072 
      19076 
      19079 
      19107 
      19142 
      19168 
      19169 
      19170 
      19200 
      19202 
      19236 
      19238 
      19265 
      19266 
      19267 
      19268 
      19269 
      19270 
      19271 
      19298 
      19302 
      19328 
      19330 
      19331 
      19334 
      19335 
      19360 
      19362 
      19364 
      19392 
      19396 
      19397 
      19426 
      19427 
      19460 
      19461 
      19488 
      19489 
      19495 
      19525 
      19552 
      19553 
      19585 
      19590 
      19591 
      19618 
      19620 
      19622 
      19648 
      19651 
      19681 
      19682 
      19685 
      19712 
      19717 
      19746 
      19749 
      19781 
      19809 
      19810 
      19846 
      19872 
      19875 
      19876 
      19877 
      19878 
      19904 
      19907 
      19909 
      19937 
      19939 
      19942 
      19968 
      19969 
      19970 
      20005 
      20039 
      20064 
      20065 
      20099 
      20129 
      20163 
      20195 
      20228 
      20230 
      20258 
      20260 
      20289 
      20290 
      20291 
      20293 
      20320 
      20352 
      20353 
      20357 
      20358 
      20387 
      20418 
      20419 
      20420 
      20421 
      20423 
      20481 
      20485 
      20514 
      20544 
      20550 
      20578 
      20581 
      20582 
      20583 
      20608 
      20610 
      20612 
      20640 
      20647 
      20677 
      20678 
      20705 
      20739 
      20769 
      20801 
      20806 
      20833 
      20836 
      20839 
      20865 
      20867 
      20869 
      20902 
      20929 
      20997 
      20998 
      20999 
      21060 
      21062 
      21088 
      21092 
      21122 
      21123 
      21152 
      21156 
      21158 
      21184 
      21185 
      21187 
      21216 
      21218 
      21250 
      21251 
      21280 
      21282 
      21283 
      21287 
      21315 
      21316 
      21347 
      21349 
      21351 
      21380 
      21408 
      21411 
      21413 
      21441 
      21446 
      21504 
      21507 
      21508 
      21536 
      21569 
      21575 
      21603 
      21637 
      21668 
      21698 
      21700 
      21728 
      21733 
      21761 
      21764 
      21765 
      21767 
      21797 
      21798 
      21828 
      21829 
      21858 
      21891 
      21895 
      21920 
      21923 
      21924 
      21955 
      21984 
      21986 
      21991 
      22048 
      22049 
      22082 
      22144 
      22146 
      22148 
      22150 
      22177 
      22180 
      22213 
      22214 
      22240 
      22246 
      22247 
      22273 
      22275 
      22277 
      22309 
      22310 
      22311 
      22336 
      22340 
      22370 
      22372 
      22401 
      22403 
      22405 
      22435 
      22438 
      22439 
      22464 
      22467 
      22471 
      22502 
      22503 
      22530 
      22565 
      22566 
      22592 
      22593 
      22596 
      22599 
      22659 
      22662 
      22691 
      22692 
      22720 
      22721 
      22724 
      22725 
      22788 
      22790 
      22791 
      22821 
      22823 
      22852 
      22855 
      22915 
      22944 
      22949 
      22976 
      23040 
      23044 
      23072 
      23074 
      23077 
      23079 
      23108 
      23109 
      23110 
      23138 
      23141 
      23143 
      23173 
      23200 
      23201 
      23203 
      23204 
      23206 
      23236 
      23239 
      23269 
      23296 
      23364 
      23365 
      23397 
      23425 
      23430 
      23456 
      23457 
      23461 
      23463 
      23490 
      23492 
      23494 
      23521 
      23523 
      23525 
      23526 
      23527 
      23552 
      23553 
      23554 
      23588 
      23589 
      23591 
      23620 
      23621 
      23623 
      23650 
      23651 
      23653 
      23654 
      23655 
      23682 
      23683 
      23684 
      23686 
      23687 
      23715 
      23716 
      23744 
      23747 
      23749 
      23779 
      23780 
      23811 
      23813 
      23814 
      23815 
      23845 
      23846 
      23872 
      23878 
      23879 
      23904 
      23905 
      23908 
      23909 
      23937 
      23938 
      23939 
      23969 
      23970 
      23975 
      24001 
      24002 
      24006 
      24032 
      24034 
      24037 
      24065 
      24068 
      24134 
      24163 
      24164 
      24192 
      24195 
      24224 
      24226 
      24230 
      24256 
      24289 
      24293 
      24295 
      24322 
      24323 
      24354 
      24355 
      24359 
      24389 
      24416 
      24417 
      24419 
      24421 
      24423 
      24449 
      24513 
      24518 
      24547 
      24549 
      24550 
      24551 
      24578 
      24611 
      24642 
      24673 
      24678 
      24736 
      24741 
      24768 
      24773 
      24774 
      24800 
      24803 
      24832 
      24835 
      24836 
      24837 
      24838 
      24839 
      24897 
      24898 
      24929 
      24930 
      24935 
      24962 
      24967 
      24992 
      24994 
      24995 
      24997 
      24999 
      25024 
      25025 
      25029 
      25030 
      25057 
      25059 
      25088 
      25089 
      25122 
      25124 
      25125 
      25153 
      25186 
      25187 
      25190 
      25217 
      25218 
      25219 
      25220 
      25222 
      25283 
      25316 
      25319 
      25344 
      25346 
      25379 
      25382 
      25383 
      25409 
      25410 
      25411 
      25413 
      25415 
      25505 
      25508 
      25539 
      25568 
      25600 
      25604 
      25607 
      25636 
      25668 
      25670 
      25671 
      25698 
      25699 
      25700 
      25728 
      25730 
      25734 
      25761 
      25762 
      25763 
      25764 
      25766 
      25792 
      25794 
      25795 
      25798 
      25826 
      25827 
      25829 
      25859 
      25862 
      25888 
      25890 
      25891 
      25893 
      25894 
      25920 
      25921 
      25924 
      25925 
      25956 
      25958 
      25984 
      25987 
      25988 
      25989 
      25991 
      26017 
      26018 
      26019 
      26022 
      26048 
      26085 
      26086 
      26087 
      26112 
      26113 
      26114 
      26115 
      26117 
      26118 
      26150 
      26178 
      26179 
      26209 
      26213 
      26242 
      26247 
      26273 
      26340 
      26343 
      26371 
      26400 
      26403 
      26404 
      26465 
      26467 
      26468 
      26471 
      26497 
      26498 
      26500 
      26530 
      26560 
      26561 
      26562 
      26563 
      26592 
      26595 
      26596 
      26598 
      26599 
      26624 
      26628 
      26659 
      26694 
      26720 
      26721 
      26725 
      26727 
      26754 
      26755 
      26757 
      26790 
      26817 
      26823 
      26849 
      26885 
      26914 
      26946 
      26950 
      27008 
      27010 
      27014 
      27040 
      27041 
      27043 
      27044 
      27046 
      27074 
      27075 
      27136 
      27140 
      27143 
      27170 
      27207 
      27234 
      27239 
      27267 
      27269 
      27296 
      27297 
      27365 
      27366 
      27367 
      27393 
      27394 
      27395 
      27397 
      27399 
      27424 
      27429 
      27431 
      27458 
      27459 
      27462 
      27488 
      27489 
      27492 
      27493 
      27494 
      27495 
      27522 
      27523 
      27584 
      27585 
      27586 
      27587 
      27588 
      27591 
      27620 
      27621 
      27651 
      27655 
      27685 
      27713 
      27714 
      27718 
      27749 
      27751 
      27777 
      27812 
      27814 
      27842 
      27847 
      27874 
      27877 
      27878 
      27905 
      27906 
      27907 
      27911 
      27937 
      27940 
      27942 
      27943 
      27968 
      27970 
      27971 
      28004 
      28006 
      28032 
      28065 
      28066 
      28070 
      28096 
      28098 
      28099 
      28101 
      28102 
      28132 
      28133 
      28134 
      28160 
      28164 
      28167 
      28192 
      28194 
      28199 
      28226 
      28227 
      28230 
      28257 
      28263 
      28293 
      28295 
      28326 
      28352 
      28356 
      28359 
      28384 
      28386 
      28391 
      28416 
      28417 
      28421 
      28422 
      28423 
      28449 
      28450 
      28452 
      28483 
      28484 
      28487 
      28513 
      28514 
      28547 
      28548 
      28549 
      28551 
      28576 
      28578 
      28579 
      28609 
      28610 
      28612 
      28613 
      28615 
      28644 
      28646 
      28673 
      28676 
      28677 
      28705 
      28707 
      28708 
      28709 
      28739 
      28770 
      28800 
      28804 
      28806 
      28838 
      28865 
      28866 
      28869 
      28896 
      28930 
      28935 
      28960 
      28961 
      28962 
      28964 
      28994 
      28996 
      28997 
      29029 
      29031 
      29057 
      29059 
      29060 
      29061 
      29088 
      29089 
      29091 
      29093 
      29094 
      29122 
      29123 
      29125 
      29154 
      29157 
      29159 
      29186 
      29190 
      29217 
      29222 
      29248 
      29251 
      29253 
      29254 
      29281 
      29283 
      29285 
      29313 
      29315 
      29316 
      29344 
      29345 
      29348 
      29377 
      29414 
      29442 
      29447 
      29476 
      29477 
      29479 
      29540 
      29542 
      29543 
      29568 
      29601 
      29602 
      29603 
      29606 
      29635 
      29664 
      29668 
      29697 
      29701 
      29728 
      29733 
      29734 
      29735 
      29793 
      29796 
      29829 
      29859 
      29863 
      29924 
      29925 
      29987 
      30017 
      30018 
      30019 
      30020 
      30052 
      30080 
      30082 
      30084 
      30115 
      30116 
      30119 
      30145 
      30146 
      30148 
      30179 
      30180 
      30183 
      30210 
      30212 
      30240 
      30241 
      30242 
      30245 
      30246 
      30247 
      30273 
      30274 
      30275 
      30277 
      30309 
      30337 
      30338 
      30342 
      30368 
      30371 
      30373 
      30400 
      30434 
      30435 
      30438 
      30464 
      30471 
      30496 
      30498 
      30500 
      30501 
      30531 
      30592 
      30594 
      30595 
      30596 
      30624 
      30630 
      30663 
      30688 
      30689 
      30692 
      30693 
      30695 
      30752 
      30753 
      30755 
      30756 
      30758 
      30791 
      30816 
      30818 
      30822 
      30823 
      30854 
      30855 
      30880 
      30882 
      30914 
      30948 
      30982 
      30983 
      31008 
      31009 
      31010 
      31012 
      31013 
      31014 
      31041 
      31047 
      31074 
      31104 
      31110 
      31137 
      31142 
      31143 
      31172 
      31200 
      31201 
      31203 
      31264 
      31265 
      31267 
      31298 
      31299 
      31300 
      31328 
      31329 
      31331 
      31332 
      31334 
      31360 
      31361 
      31367 
      31394 
      31397 
      31398 
      31424 
      31425 
      31428 
      31458 
      31459 
      31463 
      31491 
      31494 
      31557 
      31559 
      31584 
      31587 
      31589 
      31591 
      31621 
      31623 
      31649 
      31651 
      31654 
      31680 
      31683 
      31712 
      31713 
      31714 
      31716 
      31717 
      31719 
      31746 
      31750 
      31776 
      31778 
      31811 
      31813 
      31814 
      31904 
      31905 
      31906 
      31908 
      31937 
      31942 
      31968 
      31969 
      31971 
      31972 
      31974 
      32005 
      32006 
      32035 
      32039 
      32066 
      32071 
      32097 
      32133 
      32161 
      32162 
      32167 
      32194 
      32196 
      32225 
      32226 
      32256 
      32257 
      32258 
      32260 
      32262 
      32263 
      32289 
      32290 
      32320 
      32321 
      32322 
      32324 
      32352 
      32353 
      32359 
      32384 
      32387 
      32390 
      32416 
      32419 
      32423 
      32448 
      32453 
      32480 
      32482 
      32512 
      32518 
      32547 
      32548 
      32576 
      32581 
      32643 
      32644 
      32645 
      32646 
      32673 
      32674 
      32679 
      32704 
      32736 
      32738 
      32739 
      32742 
      32768 
      32769 
      32771 
      32772 
      32773 
      32775 
      32801 
      32802 
      32832 
      32833 
      32839 
      32864 
      32866 
      32867 
      32870 
      32896 
      32900 
      32934 
      32963 
      32967 
      32995 
      32997 
      33027 
      33028 
      33030 
      33056 
      33057 
      33063 
      33092 
      33093 
      33121 
      33125 
      33153 
      33155 
      33158 
      33185 
      33190 
      33191 
      33221 
      33248 
      33280 
      33282 
      33286 
      33313 
      33314 
      33315 
      33316 
      33318 
      33349 
      33351 
      33376 
      33379 
      33380 
      33381 
      33382 
      33383 
      33408 
      33411 
      33412 
      33440 
      33441 
      33447 
      33504 
      33506 
      33511 
      33543 
      33602 
      33636 
      33667 
      33668 
      33669 
      33697 
      33730 
      33765 
      33766 
      33792 
      33795 
      33796 
      33798 
      33799 
      33825 
      33829 
      33831 
      33927 
      33954 
      33957 
      33984 
      33991 
      34016 
      34018 
      34019 
      34053 
      34054 
      34084 
      34113 
      34118 
      34119 
      34146 
      34147 
      34149 
      34181 
      34210 
      34213 
      34214 
      34240 
      34242 
      34272 
      34277 
      34278 
      34306 
      34336 
      34340 
      34341 
      34342 
      34343 
      34369 
      34370 
      34436 
      34464 
      34465 
      34466 
      34468 
      34469 
      34471 
      34500 
      34502 
      34503 
      34528 
      34529 
      34531 
      34534 
      34564 
      34593 
      34598 
      34625 
      34629 
      34693 
      34695 
      34720 
      34722 
      34726 
      34755 
      34756 
      34759 
      34789 
      34790 
      34819 
      34848 
      34884 
      34885 
      34886 
      34887 
      34914 
      34944 
      34945 
      34946 
      34950 
      34983 
      35009 
      35010 
      35013 
      35015 
      35044 
      35073 
      35074 
      35076 
      35109 
      35138 
      35140 
      35168 
      35171 
      35174 
      35175 
      35202 
      35203 
      35204 
      35205 
      35234 
      35235 
      35236 
      35267 
      35268 
      35303 
      35329 
      35331 
      35332 
      35333 
      35335 
      35363 
      35365 
      35394 
      35397 
      35398 
      35429 
      35458 
      35459 
      35462 
      35489 
      35495 
      35520 
      35524 
      35552 
      35556 
      35559 
      35585 
      35586 
      35591 
      35622 
      35648 
      35651 
      35655 
      35681 
      35683 
      35714 
      35717 
      35718 
      35719 
      35747 
      35748 
      35751 
      35783 
      35808 
      35810 
      35843 
      35874 
      35876 
      35904 
      35906 
      35907 
      35909 
      35911 
      35941 
      35942 
      35943 
      35969 
      35970 
      35971 
      35973 
      35974 
      35975 
      36004 
      36007 
      36032 
      36035 
      36064 
      36066 
      36070 
      36097 
      36129 
      36162 
      36165 
      36166 
      36167 
      36194 
      36195 
      36225 
      36226 
      36228 
      36256 
      36259 
      36260 
      36263 
      36291 
      36325 
      36384 
      36385 
      36389 
      36391 
      36419 
      36420 
      36422 
      36450 
      36481 
      36483 
      36486 
      36487 
      36515 
      36518 
      36544 
      36545 
      36577 
      36578 
      36579 
      36580 
      36583 
      36611 
      36641 
      36642 
      36672 
      36710 
      36711 
      36740 
      36742 
      36768 
      36770 
      36775 
      36802 
      36806 
      36837 
      36839 
      36865 
      36868 
      36871 
      36900 
      36902 
      36928 
      36961 
      36963 
      36964 
      36967 
      37026 
      37027 
      37028 
      37029 
      37057 
      37059 
      37088 
      37089 
      37090 
      37094 
      37126 
      37155 
      37217 
      37220 
      37221 
      37251 
      37280 
      37283 
      37312 
      37345 
      37378 
      37381 
      37408 
      37409 
      37411 
      37413 
      37442 
      37472 
      37477 
      37479 
      37506 
      37508 
      37509 
      37538 
      37539 
      37540 
      37571 
      37575 
      37602 
      37604 
      37607 
      37633 
      37635 
      37665 
      37666 
      37698 
      37701 
      37728 
      37735 
      37761 
      37764 
      37766 
      37767 
      37824 
      37856 
      37857 
      37922 
      37953 
      37954 
      37955 
      37956 
      37958 
      37985 
      37989 
      38016 
      38019 
      38020 
      38022 
      38051 
      38053 
      38081 
      38082 
      38083 
      38085 
      38112 
      38113 
      38114 
      38115 
      38144 
      38149 
      38150 
      38151 
      38177 
      38179 
      38181 
      38183 
      38213 
      38214 
      38244 
      38247 
      38275 
      38307 
      38338 
      38373 
      38401 
      38402 
      38407 
      38432 
      38435 
      38469 
      38471 
      38499 
      38502 
      38533 
      38534 
      38567 
      38592 
      38593 
      38595 
      38624 
      38626 
      38629 
      38631 
      38658 
      38663 
      38688 
      38694 
      38695 
      38720 
      38722 
      38724 
      38754 
      38757 
      38785 
      38788 
      38820 
      38823 
      38855 
      38880 
      38885 
      38916 
      38918 
      38946 
      38951 
      38983 
      39009 
      39014 
      39077 
      39106 
      39108 
      39109 
      39137 
      39171 
      39174 
      39202 
      39234 
      39237 
      39239 
      39264 
      39271 
      39296 
      39298 
      39299 
      39303 
      39328 
      39334 
      39362 
      39363 
      39366 
      39392 
      39395 
      39398 
      39424 
      39428 
      39429 
      39456 
      39458 
      39459 
      39489 
      39493 
      39494 
      39520 
      39522 
      39523 
      39524 
      39526 
      39552 
      39556 
      39558 
      39584 
      39587 
      39588 
      39591 
      39616 
      39618 
      39621 
      39651 
      39653 
      39681 
      39684 
      39715 
      39719 
      39746 
      39747 
      39781 
      39782 
      39809 
      39810 
      39811 
      39879 
      39905 
      39936 
      39940 
      39969 
      39973 
      39975 
      40004 
      40038 
      40064 
      40066 
      40070 
      40071 
      40099 
      40129 
      40130 
      40161 
      40166 
      40192 
      40195 
      40196 
      40227 
      40228 
      40229 
      40231 
      40263 
      40295 
      40320 
      40323 
      40325 
      40353 
      40355 
      40358 
      40384 
      40387 
      40389 
      40390 
      40391 
      40417 
      40418 
      40423 
      40448 
      40449 
      40451 
      40452 
      40481 
      40486 
      40514 
      40545 
      40548 
      40549 
      40577 
      40578 
      40579 
      40580 
      40582 
      40583 
      40613 
      40614 
      40640 
      40642 
      40644 
      40674 
      40705 
      40737 
      40738 
      40739 
      40741 
      40742 
      40743 
      40768 
      40769 
      40834 
      40836 
      40837 
      40867 
      40869 
      40897 
      40900 
      40929 
      40930 
      40931 
      40932 
      40960 
      40963 
      40966 
      40967 
      40993 
      40995 
      41028 
      41057 
      41058 
      41061 
      41088 
      41089 
      41092 
      41093 
      41095 
      41126 
      41156 
      41159 
      41188 
      41191 
      41218 
      41220 
      41222 
      41223 
      41248 
      41249 
      41251 
      41252 
      41280 
      41284 
      41285 
      41314 
      41315 
      41317 
      41346 
      41348 
      41380 
      41382 
      41444 
      41447 
      41473 
      41475 
      41477 
      41478 
      41536 
      41537 
      41538 
      41540 
      41541 
      41572 
      41575 
      41600 
      41603 
      41669 
      41697 
      41698 
      41700 
      41701 
      41730 
      41733 
      41761 
      41762 
      41792 
      41795 
      41796 
      41828 
      41829 
      41858 
      41859 
      41860 
      41862 
      41894 
      41920 
      41925 
      41953 
      41957 
      41958 
      41984 
      41990 
      42018 
      42019 
      42049 
      42053 
      42084 
      42085 
      42087 
      42114 
      42119 
      42145 
      42146 
      42147 
      42150 
      42176 
      42180 
      42183 
      42244 
      42245 
      42247 
      42273 
      42277 
      42305 
      42307 
      42311 
      42401 
      42404 
      42407 
      42434 
      42435 
      42438 
      42464 
      42470 
      42496 
      42502 
      42503 
      42530 
      42533 
      42593 
      42595 
      42625 
      42626 
      42627 
      42660 
      42661 
      42662 
      42663 
      42721 
      42723 
      42752 
      42759 
      42785 
      42787 
      42790 
      42791 
      42817 
      42819 
      42821 
      42822 
      42853 
      42854 
      42880 
      42885 
      42914 
      42915 
      42916 
      42946 
      42948 
      42976 
      42977 
      42978 
      42980 
      42983 
      43008 
      43041 
      43042 
      43047 
      43072 
      43075 
      43077 
      43078 
      43105 
      43107 
      43139 
      43143 
      43174 
      43205 
      43234 
      43265 
      43266 
      43268 
      43297 
      43299 
      43300 
      43331 
      43335 
      43365 
      43366 
      43428 
      43456 
      43461 
      43489 
      43495 
      43520 
      43557 
      43586 
      43587 
      43616 
      43619 
      43622 
      43623 
      43651 
      43652 
      43655 
      43683 
      43684 
      43685 
      43687 
      43717 
      43718 
      43719 
      43746 
      43747 
      43750 
      43777 
      43778 
      43780 
      43783 
      43809 
      43810 
      43811 
      43840 
      43843 
      43845 
      43872 
      43873 
      43905 
      43908 
      43910 
      43938 
      43941 
      43943 
      43969 
      43973 
      44001 
      44006 
      44038 
      44039 
      44066 
      44067 
      44070 
      44096 
      44100 
      44103 
      44128 
      44129 
      44131 
      44132 
      44160 
      44161 
      44163 
      44166 
      44192 
      44193 
      44228 
      44257 
      44259 
      44260 
      44263 
      44288 
      44324 
      44327 
      44354 
      44384 
      44388 
      44419 
      44420 
      44421 
      44454 
      44455 
      44482 
      44515 
      44544 
      44545 
      44548 
      44550 
      44551 
      44577 
      44578 
      44581 
      44582 
      44611 
      44640 
      44641 
      44642 
      44672 
      44673 
      44674 
      44676 
      44677 
      44704 
      44705 
      44707 
      44739 
      44741 
      44770 
      44771 
      44774 
      44801 
      44803 
      44806 
      44807 
      44835 
      44838 
      44865 
      44866 
      44868 
      44870 
      44899 
      44901 
      44902 
      44963 
      44967 
      44994 
      44996 
      44998 
      45024 
      45057 
      45058 
      45062 
      45063 
      45092 
      45093 
      45094 
      45095 
      45121 
      45123 
      45124 
      45152 
      45154 
      45157 
      45186 
      45220 
      45221 
      45223 
      45250 
      45253 
      45255 
      45280 
      45281 
      45282 
      45283 
      45285 
      45286 
      45287 
      45316 
      45318 
      45319 
      45351 
      45383 
      45441 
      45446 
      45478 
      45479 
      45505 
      45507 
      45508 
      45510 
      45537 
      45538 
      45541 
      45568 
      45569 
      45574 
      45602 
      45607 
      45633 
      45634 
      45636 
      45638 
      45665 
      45666 
      45696 
      45699 
      45701 
      45729 
      45730 
      45735 
      45792 
      45795 
      45797 
      45826 
      45828 
      45830 
      45831 
      45856 
      45857 
      45858 
      45862 
      45923 
      45952 
      45953 
      45954 
      45955 
      45956 
      45985 
      46019 
      46020 
      46022 
      46051 
      46080 
      46082 
      46084 
      46114 
      46118 
      46145 
      46146 
      46148 
      46176 
      46179 
      46180 
      46181 
      46208 
      46245 
      46246 
      46247 
      46273 
      46274 
      46275 
      46277 
      46278 
      46279 
      46306 
      46338 
      46343 
      46369 
      46370 
      46373 
      46400 
      46401 
      46406 
      46435 
      46439 
      46464 
      46467 
      46496 
      46498 
      46529 
      46532 
      46560 
      46561 
      46564 
      46567 
      46593 
      46594 
      46595 
      46630 
      46661 
      46663 
      46688 
      46693 
      46720 
      46724 
      46754 
      46789 
      46790 
      46819 
      46822 
      46851 
      46854 
      46882 
      46883 
      46886 
      46887 
      46913 
      46946 
      46950 
      46978 
      47008 
      47044 
      47045 
      47074 
      47111 
      47139 
      47140 
      47143 
      47170 
      47200 
      47202 
      47205 
      47234 
      47239 
      47264 
      47266 
      47269 
      47297 
      47302 
      47332 
      47364 
      47365 
      47393 
      47394 
      47396 
      47397 
      47425 
      47427 
      47430 
      47431 
      47463 
      47491 
      47552 
      47555 
      47557 
      47558 
      47559 
      47585 
      47589 
      47590 
      47616 
      47618 
      47655 
      47680 
      47684 
      47715 
      47716 
      47744 
      47745 
      47746 
      47751 
      47814 
      47845 
      47874 
      47904 
      47907 
      47908 
      47936 
      47970 
      47973 
      48001 
      48004 
      48005 
      48007 
      48038 
      48070 
      48097 
      48100 
      48129 
      48130 
      48131 
      48163 
      48194 
      48196 
      48227 
      48229 
      48260 
      48289 
      48290 
      48291 
      48292 
      48352 
      48356 
      48358 
      48359 
      48386 
      48389 
      48417 
      48419 
      48422 
      48450 
      48481 
      48482 
      48485 
      48516 
      48519 
      48545 
      48549 
      48550 
      48579 
      48582 
      48583 
      48644 
      48676 
      48679 
      48711 
      48736 
      48738 
      48739 
      48741 
      48768 
      48771 
      48804 
      48834 
      48864 
      48867 
      48871 
      48897 
      48901 
      48928 
      48932 
      48934 
      48960 
      48962 
      48995 
      49024 
      49028 
      49030 
      49031 
      49057 
      49060 
      49061 
      49063 
      49090 
      49092 
      49093 
      49095 
      49124 
      49152 
      49159 
      49186 
      49187 
      49191 
      49222 
      49249 
      49254 
      49285 
      49286 
      49315 
      49317 
      49318 
      49348 
      49376 
      49383 
      49408 
      49413 
      49415 
      49440 
      49444 
      49445 
      49446 
      49473 
      49474 
      49475 
      49476 
      49478 
      49506 
      49507 
      49508 
      49540 
      49568 
      49571 
      49572 
      49573 
      49574 
      49604 
      49605 
      49669 
      49670 
      49671 
      49696 
      49697 
      49698 
      49702 
      49703 
      49728 
      49733 
      49792 
      49795 
      49796 
      49829 
      49856 
      49857 
      49888 
      49893 
      49894 
      49956 
      49959 
      49985 
      49991 
      50018 
      50023 
      50080 
      50084 
      50113 
      50114 
      50151 
      50177 
      50179 
      50182 
      50211 
      50212 
      50213 
      50241 
      50340 
      50341 
      50343 
      50369 
      50372 
      50401 
      50402 
      50435 
      50437 
      50439 
      50467 
      50498 
      50528 
      50534 
      50560 
      50561 
      50592 
      50595 
      50597 
      50599 
      50627 
      50628 
      50631 
      50659 
      50661 
      50662 
      50691 
      50694 
      50724 
      50753 
      50755 
      50757 
      50785 
      50788 
      50791 
      50819 
      50820 
      50851 
      50881 
      50884 
      50886 
      50913 
      50944 
      50946 
      50980 
      51040 
      51042 
      51043 
      51046 
      51077 
      51078 
      51079 
      51104 
      51105 
      51108 
      51137 
      51138 
      51143 
      51170 
      51172 
      51174 
      51235 
      51236 
      51238 
      51264 
      51265 
      51268 
      51270 
      51299 
      51301 
      51330 
      51331 
      51332 
      51334 
      51363 
      51393 
      51396 
      51399 
      51425 
      51427 
      51429 
      51431 
      51457 
      51460 
      51490 
      51491 
      51492 
      51527 
      51552 
      51586 
      51587 
      51588 
      51590 
      51616 
      51617 
      51618 
      51622 
      51649 
      51651 
      51653 
      51681 
      51686 
      51712 
      51716 
      51717 
      51744 
      51745 
      51749 
      51778 
      51812 
      51841 
      51846 
      51847 
      51874 
      51875 
      51904 
      51905 
      51907 
      51911 
      51936 
      51942 
      51973 
      52032 
      52033 
      52036 
      52064 
      52067 
      52069 
      52097 
      52100 
      52101 
      52129 
      52131 
      52133 
      52161 
      52163 
      52165 
      52167 
      52192 
      52224 
      52228 
      52229 
      52257 
      52259 
      52289 
      52323 
      52352 
      52353 
      52355 
      52356 
      52358 
      52359 
      52384 
      52387 
      52390 
      52418 
      52420 
      52422 
      52449 
      52450 
      52451 
      52454 
      52481 
      52483 
      52513 
      52514 
      52515 
      52546 
      52547 
      52549 
      52550 
      52577 
      52582 
      52583 
      52609 
      52647 
      52705 
      52708 
      52736 
      52741 
      52768 
      52774 
      52775 
      52801 
      52832 
      52834 
      52835 
      52836 
      52838 
      52899 
      52901 
      52928 
      52935 
      52960 
      52961 
      52962 
      52963 
      52965 
      52967 
      52992 
      53028 
      53031 
      53058 
      53059 
      53063 
      53089 
      53092 
      53094 
      53095 
      53125 
      53155 
      53157 
      53158 
      53184 
      53186 
      53217 
      53220 
      53250 
      53252 
      53253 
      53255 
      53284 
      53287 
      53313 
      53316 
      53319 
      53345 
      53347 
      53348 
      53376 
      53377 
      53379 
      53414 
      53415 
      53440 
      53444 
      53446 
      53447 
      53472 
      53475 
      53507 
      53509 
      53537 
      53538 
      53542 
      53569 
      53570 
      53575 
      53601 
      53606 
      53633 
      53638 
      53639 
      53665 
      53666 
      53669 
      53699 
      53700 
      53701 
      53729 
      53731 
      53733 
      53734 
      53735 
      53764 
      53792 
      53794 
      53799 
      53824 
      53826 
      53827 
      53829 
      53831 
      53858 
      53888 
      53889 
      53890 
      53892 
      53893 
      53922 
      53923 
      53924 
      53925 
      53952 
      53954 
      53957 
      53958 
      53959 
      53985 
      53989 
      54016 
      54017 
      54018 
      54022 
      54050 
      54087 
      54112 
      54113 
      54117 
      54118 
      54147 
      54148 
      54182 
      54208 
      54242 
      54247 
      54272 
      54273 
      54278 
      54305 
      54310 
      54311 
      54338 
      54343 
      54373 
      54374 
      54375 
      54400 
      54402 
      54404 
      54433 
      54435 
      54439 
      54465 
      54466 
      54469 
      54470 
      54500 
      54529 
      54532 
      54561 
      54562 
      54596 
      54599 
      54624 
      54626 
      54627 
      54631 
      54658 
      54661 
      54662 
      54688 
      54691 
      54693 
      54695 
      54725 
      54754 
      54788 
      54818 
      54823 
      54848 
      54852 
      54853 
      54854 
      54881 
      54883 
      54885 
      54887 
      54916 
      54945 
      54946 
      54948 
      54951 
      54982 
      54983 
      55008 
      55010 
      55012 
      55041 
      55043 
      55044 
      55074 
      55078 
      55104 
      55108 
      55110 
      55111 
      55168 
      55173 
      55204 
      55205 
      55236 
      55237 
      55238 
      55267 
      55302 
      55328 
      55332 
      55334 
      55364 
      55426 
      55521 
      55523 
      55527 
      55552 
      55555 
      55557 
      55559 
      55585 
      55586 
      55590 
      55591 
      55617 
      55619 
      55620 
      55649 
      55712 
      55714 
      55718 
      55751 
      55778 
      55780 
      55781 
      55782 
      55811 
      55841 
      55876 
      55907 
      55939 
      55942 
      55943 
      55971 
      55975 
      56000 
      56034 
      56036 
      56066 
      56067 
      56068 
      56098 
      56102 
      56134 
      56164 
      56192 
      56198 
      56199 
      56226 
      56227 
      56229 
      56231 
      56258 
      56294 
      56320 
      56323 
      56325 
      56326 
      56352 
      56353 
      56356 
      56385 
      56386 
      56388 
      56389 
      56390 
      56417 
      56421 
      56449 
      56450 
      56451 
      56454 
      56512 
      56517 
      56518 
      56544 
      56546 
      56549 
      56551 
      56576 
      56578 
      56583 
      56609 
      56678 
      56679 
      56705 
      56709 
      56736 
      56737 
      56741 
      56742 
      56770 
      56771 
      56774 
      56806 
      56832 
      56839 
      56864 
      56865 
      56866 
      56871 
      56897 
      56898 
      56902 
      56928 
      56932 
      56933 
      56934 
      56961 
      56963 
      56964 
      56965 
      56966 
      56993 
      56994 
      56998 
      56999 
      57026 
      57030 
      57060 
      57088 
      57094 
      57122 
      57123 
      57126 
      57154 
      57158 
      57184 
      57187 
      57191 
      57218 
      57221 
      57222 
      57252 
      57254 
      57255 
      57282 
      57284 
      57285 
      57313 
      57316 
      57345 
      57347 
      57377 
      57408 
      57410 
      57411 
      57413 
      57442 
      57443 
      57446 
      57472 
      57505 
      57508 
      57569 
      57573 
      57575 
      57603 
      57604 
      57634 
      57635 
      57636 
      57637 
      57696 
      57702 
      57730 
      57731 
      57733 
      57763 
      57764 
      57792 
      57797 
      57824 
      57825 
      57826 
      57828 
      57831 
      57859 
      57860 
      57888 
      57892 
      57895 
      57920 
      57924 
      57925 
      57926 
      57953 
      57954 
      57955 
      57956 
      57989 
      58017 
      58018 
      58048 
      58080 
      58083 
      58085 
      58112 
      58114 
      58115 
      58118 
      58146 
      58149 
      58180 
      58208 
      58211 
      58212 
      58213 
      58240 
      58243 
      58244 
      58245 
      58274 
      58275 
      58276 
      58309 
      58374 
      58400 
      58401 
      58402 
      58405 
      58436 
      58437 
      58464 
      58465 
      58471 
      58498 
      58503 
      58531 
      58532 
      58533 
      58534 
      58535 
      58560 
      58594 
      58597 
      58630 
      58631 
      58663 
      58694 
      58723 
      58724 
      58756 
      58785 
      58787 
      58790 
      58791 
      58816 
      58823 
      58850 
      58852 
      58887 
      58912 
      58916 
      58919 
      58945 
      58946 
      58948 
      58951 
      58979 
      58982 
      58983 
      59011 
      59013 
      59041 
      59046 
      59076 
      59077 
      59078 
      59105 
      59106 
      59107 
      59110 
      59136 
      59140 
      59143 
      59169 
      59172 
      59201 
      59235 
      59265 
      59266 
      59296 
      59299 
      59300 
      59301 
      59303 
      59328 
      59331 
      59333 
      59335 
      59367 
      59394 
      59397 
      59398 
      59424 
      59430 
      59457 
      59458 
      59461 
      59462 
      59488 
      59494 
      59520 
      59525 
      59526 
      59527 
      59557 
      59616 
      59618 
      59620 
      59621 
      59622 
      59623 
      59648 
      59649 
      59653 
      59687 
      59715 
      59746 
      59748 
      59749 
      59751 
      59778 
      59810 
      59811 
      59840 
      59872 
      59875 
      59907 
      59968 
      59970 


