 ALGERIA                    1998 386617.83 
 ALGERIA                    1997 401601.13 
 ALGERIA                    1996 156938.80 
 ALGERIA                    1995 486706.06 
 ALGERIA                    1994 426573.44 
 ALGERIA                    1993 448371.43 
 ALGERIA                    1992 285188.45 
 ARGENTINA                  1998 136458.35 
 ARGENTINA                  1997 423877.68 
 ARGENTINA                  1996 325019.63 
 ARGENTINA                  1995 399583.40 
 ARGENTINA                  1994 374046.79 
 ARGENTINA                  1993 351669.53 
 ARGENTINA                  1992 312412.43 
 BRAZIL                     1998 265032.77 
 BRAZIL                     1997 275700.79 
 BRAZIL                     1996 490362.63 
 BRAZIL                     1995 349754.11 
 BRAZIL                     1994 348798.41 
 BRAZIL                     1993 457273.77 
 BRAZIL                     1992 280563.45 
 CANADA                     1998 249632.90 
 CANADA                     1997 486581.68 
 CANADA                     1996 359393.52 
 CANADA                     1995 243051.83 
 CANADA                     1994 188897.44 
 CANADA                     1993 546007.03 
 CANADA                     1992 275013.27 
 CHINA                      1998 391223.31 
 CHINA                      1997 585354.20 
 CHINA                      1996 555841.01 
 CHINA                      1995 864856.41 
 CHINA                      1994 669658.49 
 CHINA                      1993 621317.02 
 CHINA                      1992 932500.76 
 EGYPT                      1998 367340.04 
 EGYPT                      1997 958524.16 
 EGYPT                      1996 417700.69 
 EGYPT                      1995 852185.46 
 EGYPT                      1994 442097.37 
 EGYPT                      1993 677948.02 
 EGYPT                      1992 666425.42 
 ETHIOPIA                   1998 146634.89 
 ETHIOPIA                   1997 264122.62 
 ETHIOPIA                   1996 193275.10 
 ETHIOPIA                   1995 220253.51 
 ETHIOPIA                   1994 296634.26 
 ETHIOPIA                   1993 304224.81 
 ETHIOPIA                   1992 297588.31 
 FRANCE                     1998 72506.50 
 FRANCE                     1997 237462.12 
 FRANCE                     1996 151017.77 
 FRANCE                     1995 296667.95 
 FRANCE                     1994 233805.74 
 FRANCE                     1993 168968.15 
 FRANCE                     1992 127349.17 
 GERMANY                    1998 223811.28 
 GERMANY                    1997 661263.78 
 GERMANY                    1996 482126.67 
 GERMANY                    1995 571466.48 
 GERMANY                    1994 322330.44 
 GERMANY                    1993 428314.79 
 GERMANY                    1992 273675.95 
 INDIA                      1998 418144.20 
 INDIA                      1997 859947.34 
 INDIA                      1996 515838.84 
 INDIA                      1995 631351.58 
 INDIA                      1994 798279.56 
 INDIA                      1993 767946.70 
 INDIA                      1992 797101.97 
 INDONESIA                  1998 386787.92 
 INDONESIA                  1997 311837.48 
 INDONESIA                  1996 421631.79 
 INDONESIA                  1995 479331.36 
 INDONESIA                  1994 602376.90 
 INDONESIA                  1993 496450.69 
 INDONESIA                  1992 561262.18 
 IRAN                       1998 8996.55 
 IRAN                       1997 201653.84 
 IRAN                       1996 281658.44 
 IRAN                       1995 50873.13 
 IRAN                       1994 53387.20 
 IRAN                       1993 107749.96 
 IRAN                       1992 67888.72 
 IRAQ                       1998 113434.10 
 IRAQ                       1997 86656.81 
 IRAQ                       1996 359937.88 
 IRAQ                       1995 218221.78 
 IRAQ                       1994 360489.88 
 IRAQ                       1993 559990.65 
 IRAQ                       1992 211655.94 
 JAPAN                      1998 278531.80 
 JAPAN                      1997 426945.79 
 JAPAN                      1996 501942.57 
 JAPAN                      1995 474025.85 
 JAPAN                      1994 706404.43 
 JAPAN                      1993 695412.91 
 JAPAN                      1992 613125.54 
 JORDAN                     1998 73080.74 
 JORDAN                     1997 117104.30 
 JORDAN                     1996 94740.72 
 JORDAN                     1995 164684.46 
 JORDAN                     1994 51403.21 
 JORDAN                     1993 38718.78 
 JORDAN                     1992 132028.54 
 KENYA                      1998 351661.82 
 KENYA                      1997 542347.96 
 KENYA                      1996 466964.04 
 KENYA                      1995 795396.76 
 KENYA                      1994 740881.74 
 KENYA                      1993 603341.19 
 KENYA                      1992 774761.24 
 MOROCCO                    1998 118171.39 
 MOROCCO                    1997 96442.70 
 MOROCCO                    1996 118984.88 
 MOROCCO                    1995 158240.66 
 MOROCCO                    1994 148951.68 
 MOROCCO                    1993 48279.65 
 MOROCCO                    1992 146068.26 
 MOZAMBIQUE                 1998 343227.88 
 MOZAMBIQUE                 1997 831834.10 
 MOZAMBIQUE                 1996 888199.01 
 MOZAMBIQUE                 1995 1249272.94 
 MOZAMBIQUE                 1994 594096.06 
 MOZAMBIQUE                 1993 1200185.07 
 MOZAMBIQUE                 1992 994120.04 
 PERU                       1998 352324.28 
 PERU                       1997 319502.23 
 PERU                       1996 391644.97 
 PERU                       1995 360028.07 
 PERU                       1994 460058.13 
 PERU                       1993 382460.08 
 PERU                       1992 312613.17 
 ROMANIA                    1998 340984.63 
 ROMANIA                    1997 444095.19 
 ROMANIA                    1996 426472.60 
 ROMANIA                    1995 616350.94 
 ROMANIA                    1994 430563.19 
 ROMANIA                    1993 769406.95 
 ROMANIA                    1992 543722.13 
 RUSSIA                     1998 217747.83 
 RUSSIA                     1997 644719.50 
 RUSSIA                     1996 501019.77 
 RUSSIA                     1995 717528.74 
 RUSSIA                     1994 441262.64 
 RUSSIA                     1993 529422.59 
 RUSSIA                     1992 469683.74 
 SAUDI ARABIA               1998 57980.24 
 SAUDI ARABIA               1997 17173.12 
 SAUDI ARABIA               1996 14229.63 
 SAUDI ARABIA               1995 98053.23 
 SAUDI ARABIA               1993 42289.63 
 SAUDI ARABIA               1992 50978.96 
 UNITED KINGDOM             1998 127808.12 
 UNITED KINGDOM             1997 407935.66 
 UNITED KINGDOM             1996 499957.52 
 UNITED KINGDOM             1995 480575.50 
 UNITED KINGDOM             1994 513252.81 
 UNITED KINGDOM             1993 697570.94 
 UNITED KINGDOM             1992 361516.41 
 UNITED STATES              1998 503864.70 
 UNITED STATES              1997 649175.28 
 UNITED STATES              1996 831723.16 
 UNITED STATES              1995 902131.29 
 UNITED STATES              1994 460768.55 
 UNITED STATES              1993 656092.87 
 UNITED STATES              1992 714228.62 
 VIETNAM                    1998 578857.04 
 VIETNAM                    1997 596114.86 
 VIETNAM                    1996 832979.05 
 VIETNAM                    1995 757862.04 
 VIETNAM                    1994 1003275.54 
 VIETNAM                    1993 461389.00 
 VIETNAM                    1992 820665.71 
