         7  Customer#000000007  CHINA                     
        10  Customer#000000010  ETHIOPIA                  
        11  Customer#000000011  UNITED KINGDOM            
        16  Customer#000000016  IRAN                      
        19  Customer#000000019  CHINA                     
        22  Customer#000000022  CANADA                    
        28  Customer#000000028  INDIA                     
        34  Customer#000000034  MOROCCO                   
        35  Customer#000000035  PERU                      
        40  Customer#000000040  CANADA                    
        43  Customer#000000043  ROMANIA                   
        50  Customer#000000050  FRANCE                    
        56  Customer#000000056  IRAN                      
        58  Customer#000000058  JORDAN                    
        59  Customer#000000059  ARGENTINA                 
        61  Customer#000000061  PERU                      
        64  Customer#000000064  CANADA                    
        65  Customer#000000065  UNITED KINGDOM            
        67  Customer#000000067  INDONESIA                 
        70  Customer#000000070  RUSSIA                    
        71  Customer#000000071  GERMANY                   
        76  Customer#000000076  ALGERIA                   
        85  Customer#000000085  ETHIOPIA                  
        94  Customer#000000094  INDONESIA                 
        97  Customer#000000097  PERU                      
       101  Customer#000000101  BRAZIL                    
       113  Customer#000000113  JAPAN                     
       116  Customer#000000116  MOZAMBIQUE                
       118  Customer#000000118  CHINA                     
       124  Customer#000000124  CHINA                     
       133  Customer#000000133  PERU                      
       136  Customer#000000136  GERMANY                   
       146  Customer#000000146  CANADA                    
       154  Customer#000000154  ROMANIA                   
       160  Customer#000000160  JORDAN                    
       169  Customer#000000169  CHINA                     
       172  Customer#000000172  RUSSIA                    
       175  Customer#000000175  IRAN                      
       179  Customer#000000179  EGYPT                     
       181  Customer#000000181  INDONESIA                 
       184  Customer#000000184  VIETNAM                   
       191  Customer#000000191  MOZAMBIQUE                
       197  Customer#000000197  ARGENTINA                 
       202  Customer#000000202  GERMANY                   
       205  Customer#000000205  JAPAN                     
       208  Customer#000000208  ROMANIA                   
       211  Customer#000000211  JORDAN                    
       215  Customer#000000215  INDONESIA                 
       223  Customer#000000223  SAUDI ARABIA              
       224  Customer#000000224  MOROCCO                   
       229  Customer#000000229  ARGENTINA                 
       235  Customer#000000235  CANADA                    
       238  Customer#000000238  MOZAMBIQUE                
       239  Customer#000000239  INDONESIA                 
       247  Customer#000000247  SAUDI ARABIA              
       248  Customer#000000248  IRAN                      
       256  Customer#000000256  IRAN                      
       260  Customer#000000260  ARGENTINA                 
       263  Customer#000000263  ARGENTINA                 
       265  Customer#000000265  PERU                      
       268  Customer#000000268  CANADA                    
       278  Customer#000000278  SAUDI ARABIA              
       280  Customer#000000280  IRAQ                      
       281  Customer#000000281  FRANCE                    
       283  Customer#000000283  GERMANY                   
       286  Customer#000000286  RUSSIA                    
       293  Customer#000000293  BRAZIL                    
       295  Customer#000000295  ALGERIA                   
       299  Customer#000000299  EGYPT                     
       302  Customer#000000302  EGYPT                     
       308  Customer#000000308  INDONESIA                 
       310  Customer#000000310  ARGENTINA                 
       311  Customer#000000311  UNITED KINGDOM            
       319  Customer#000000319  FRANCE                    
       323  Customer#000000323  CHINA                     
       328  Customer#000000328  ETHIOPIA                  
       331  Customer#000000331  ETHIOPIA                  
       332  Customer#000000332  RUSSIA                    
       334  Customer#000000334  EGYPT                     
       337  Customer#000000337  ALGERIA                   
       340  Customer#000000340  BRAZIL                    
       346  Customer#000000346  BRAZIL                    
       355  Customer#000000355  KENYA                     
       358  Customer#000000358  ETHIOPIA                  
       361  Customer#000000361  SAUDI ARABIA              
       364  Customer#000000364  UNITED KINGDOM            
       367  Customer#000000367  JORDAN                    
       368  Customer#000000368  RUSSIA                    
       371  Customer#000000371  RUSSIA                    
       379  Customer#000000379  GERMANY                   
       382  Customer#000000382  INDIA                     
       385  Customer#000000385  CANADA                    
       391  Customer#000000391  IRAQ                      
       394  Customer#000000394  UNITED KINGDOM            
       406  Customer#000000406  INDONESIA                 
       407  Customer#000000407  ARGENTINA                 
       409  Customer#000000409  IRAQ                      
       413  Customer#000000413  FRANCE                    
       418  Customer#000000418  ETHIOPIA                  
       419  Customer#000000419  MOZAMBIQUE                
       422  Customer#000000422  INDONESIA                 
       427  Customer#000000427  BRAZIL                    
       430  Customer#000000430  CANADA                    
       431  Customer#000000431  FRANCE                    
       436  Customer#000000436  ROMANIA                   
       439  Customer#000000439  KENYA                     
       442  Customer#000000442  ARGENTINA                 
       446  Customer#000000446  UNITED STATES             
       448  Customer#000000448  UNITED STATES             
       449  Customer#000000449  EGYPT                     
       451  Customer#000000451  SAUDI ARABIA              
       454  Customer#000000454  GERMANY                   
       460  Customer#000000460  IRAQ                      
       466  Customer#000000466  JAPAN                     
       469  Customer#000000469  JAPAN                     
       472  Customer#000000472  JAPAN                     
       478  Customer#000000478  ARGENTINA                 
       481  Customer#000000481  VIETNAM                   
       484  Customer#000000484  SAUDI ARABIA              
       488  Customer#000000488  CANADA                    
       490  Customer#000000490  RUSSIA                    
       502  Customer#000000502  IRAQ                      
       505  Customer#000000505  BRAZIL                    
       506  Customer#000000506  JORDAN                    
       508  Customer#000000508  CHINA                     
       509  Customer#000000509  EGYPT                     
       517  Customer#000000517  IRAN                      
       518  Customer#000000518  PERU                      
       520  Customer#000000520  CANADA                    
       526  Customer#000000526  ARGENTINA                 
       527  Customer#000000527  JORDAN                    
       529  Customer#000000529  MOROCCO                   
       535  Customer#000000535  BRAZIL                    
       536  Customer#000000536  JAPAN                     
       538  Customer#000000538  ROMANIA                   
       541  Customer#000000541  ALGERIA                   
       544  Customer#000000544  ETHIOPIA                  
       545  Customer#000000545  IRAN                      
       553  Customer#000000553  EGYPT                     
       556  Customer#000000556  ARGENTINA                 
       559  Customer#000000559  GERMANY                   
       562  Customer#000000562  MOROCCO                   
       568  Customer#000000568  JORDAN                    
       571  Customer#000000571  BRAZIL                    
       572  Customer#000000572  IRAQ                      
       575  Customer#000000575  ARGENTINA                 
       577  Customer#000000577  KENYA                     
       581  Customer#000000581  UNITED STATES             
       583  Customer#000000583  JORDAN                    
       586  Customer#000000586  IRAQ                      
       601  Customer#000000601  ARGENTINA                 
       610  Customer#000000610  IRAQ                      
       611  Customer#000000611  ROMANIA                   
       613  Customer#000000613  EGYPT                     
       619  Customer#000000619  UNITED STATES             
       623  Customer#000000623  INDONESIA                 
       628  Customer#000000628  PERU                      
       632  Customer#000000632  CANADA                    
       640  Customer#000000640  BRAZIL                    
       641  Customer#000000641  UNITED STATES             
       644  Customer#000000644  CHINA                     
       649  Customer#000000649  IRAQ                      
       652  Customer#000000652  SAUDI ARABIA              
       664  Customer#000000664  MOROCCO                   
       670  Customer#000000670  BRAZIL                    
       671  Customer#000000671  VIETNAM                   
       673  Customer#000000673  EGYPT                     
       676  Customer#000000676  UNITED STATES             
       677  Customer#000000677  CANADA                    
       679  Customer#000000679  IRAN                      
       688  Customer#000000688  INDIA                     
       689  Customer#000000689  UNITED STATES             
       691  Customer#000000691  MOZAMBIQUE                
       692  Customer#000000692  ROMANIA                   
       694  Customer#000000694  IRAN                      
       698  Customer#000000698  UNITED KINGDOM            
       700  Customer#000000700  ALGERIA                   
       703  Customer#000000703  FRANCE                    
       704  Customer#000000704  INDONESIA                 
       706  Customer#000000706  ROMANIA                   
       713  Customer#000000713  IRAN                      
       718  Customer#000000718  SAUDI ARABIA              
       724  Customer#000000724  ETHIOPIA                  
       725  Customer#000000725  MOZAMBIQUE                
       727  Customer#000000727  CHINA                     
       728  Customer#000000728  UNITED STATES             
       731  Customer#000000731  GERMANY                   
       733  Customer#000000733  JORDAN                    
       734  Customer#000000734  CHINA                     
       737  Customer#000000737  CHINA                     
       739  Customer#000000739  KENYA                     
       743  Customer#000000743  SAUDI ARABIA              
       745  Customer#000000745  CHINA                     
       748  Customer#000000748  UNITED KINGDOM            
       751  Customer#000000751  ALGERIA                   
       752  Customer#000000752  INDIA                     
       754  Customer#000000754  ALGERIA                   
       760  Customer#000000760  BRAZIL                    
       761  Customer#000000761  ROMANIA                   
       764  Customer#000000764  MOZAMBIQUE                
       772  Customer#000000772  SAUDI ARABIA              
       778  Customer#000000778  UNITED KINGDOM            
       779  Customer#000000779  ETHIOPIA                  
       785  Customer#000000785  CHINA                     
       787  Customer#000000787  IRAN                      
       790  Customer#000000790  ALGERIA                   
       793  Customer#000000793  ALGERIA                   
       796  Customer#000000796  CANADA                    
       802  Customer#000000802  ALGERIA                   
       805  Customer#000000805  IRAN                      
       808  Customer#000000808  ROMANIA                   
       809  Customer#000000809  MOZAMBIQUE                
       811  Customer#000000811  MOROCCO                   
       815  Customer#000000815  JAPAN                     
       821  Customer#000000821  ETHIOPIA                  
       823  Customer#000000823  ALGERIA                   
       826  Customer#000000826  JORDAN                    
       835  Customer#000000835  VIETNAM                   
       838  Customer#000000838  ETHIOPIA                  
       841  Customer#000000841  INDONESIA                 
       844  Customer#000000844  IRAQ                      
       845  Customer#000000845  JORDAN                    
       848  Customer#000000848  MOROCCO                   
       850  Customer#000000850  RUSSIA                    
       853  Customer#000000853  BRAZIL                    
       856  Customer#000000856  MOROCCO                   
       860  Customer#000000860  JAPAN                     
       862  Customer#000000862  BRAZIL                    
       865  Customer#000000865  INDONESIA                 
       868  Customer#000000868  RUSSIA                    
       872  Customer#000000872  PERU                      
       874  Customer#000000874  ALGERIA                   
       881  Customer#000000881  EGYPT                     
       883  Customer#000000883  CANADA                    
       886  Customer#000000886  JAPAN                     
       890  Customer#000000890  EGYPT                     
       892  Customer#000000892  INDONESIA                 
       895  Customer#000000895  ALGERIA                   
       898  Customer#000000898  CANADA                    
       907  Customer#000000907  IRAN                      
       919  Customer#000000919  INDONESIA                 
       923  Customer#000000923  IRAQ                      
       925  Customer#000000925  IRAN                      
       928  Customer#000000928  VIETNAM                   
       931  Customer#000000931  ALGERIA                   
       932  Customer#000000932  JORDAN                    
       935  Customer#000000935  ALGERIA                   
       940  Customer#000000940  ROMANIA                   
       943  Customer#000000943  ETHIOPIA                  
       946  Customer#000000946  VIETNAM                   
       947  Customer#000000947  RUSSIA                    
       959  Customer#000000959  EGYPT                     
       962  Customer#000000962  EGYPT                     
       964  Customer#000000964  JAPAN                     
       971  Customer#000000971  ARGENTINA                 
       976  Customer#000000976  ROMANIA                   
       977  Customer#000000977  BRAZIL                    
       989  Customer#000000989  IRAN                      
       991  Customer#000000991  VIETNAM                   
       992  Customer#000000992  ETHIOPIA                  
       994  Customer#000000994  MOZAMBIQUE                
       995  Customer#000000995  JORDAN                    
      1000  Customer#000001000  RUSSIA                    
      1001  Customer#000001001  VIETNAM                   
      1009  Customer#000001009  JAPAN                     
      1012  Customer#000001012  EGYPT                     
      1013  Customer#000001013  MOROCCO                   
      1019  Customer#000001019  VIETNAM                   
      1021  Customer#000001021  FRANCE                    
      1027  Customer#000001027  BRAZIL                    
      1030  Customer#000001030  INDIA                     
      1045  Customer#000001045  SAUDI ARABIA              
      1049  Customer#000001049  INDONESIA                 
      1051  Customer#000001051  BRAZIL                    
      1054  Customer#000001054  VIETNAM                   
      1055  Customer#000001055  GERMANY                   
      1061  Customer#000001061  EGYPT                     
      1063  Customer#000001063  VIETNAM                   
      1066  Customer#000001066  ALGERIA                   
      1067  Customer#000001067  UNITED KINGDOM            
      1070  Customer#000001070  MOROCCO                   
      1075  Customer#000001075  VIETNAM                   
      1076  Customer#000001076  IRAN                      
      1081  Customer#000001081  JAPAN                     
      1084  Customer#000001084  BRAZIL                    
      1093  Customer#000001093  UNITED STATES             
      1094  Customer#000001094  BRAZIL                    
      1099  Customer#000001099  ARGENTINA                 
      1102  Customer#000001102  UNITED STATES             
      1105  Customer#000001105  RUSSIA                    
      1112  Customer#000001112  SAUDI ARABIA              
      1118  Customer#000001118  IRAQ                      
      1126  Customer#000001126  INDIA                     
      1138  Customer#000001138  RUSSIA                    
      1142  Customer#000001142  MOZAMBIQUE                
      1144  Customer#000001144  ARGENTINA                 
      1151  Customer#000001151  GERMANY                   
      1153  Customer#000001153  CANADA                    
      1156  Customer#000001156  KENYA                     
      1157  Customer#000001157  SAUDI ARABIA              
      1159  Customer#000001159  BRAZIL                    
      1162  Customer#000001162  BRAZIL                    
      1163  Customer#000001163  BRAZIL                    
      1165  Customer#000001165  INDONESIA                 
      1168  Customer#000001168  PERU                      
      1174  Customer#000001174  EGYPT                     
      1175  Customer#000001175  EGYPT                     
      1177  Customer#000001177  KENYA                     
      1180  Customer#000001180  JORDAN                    
      1183  Customer#000001183  ARGENTINA                 
      1184  Customer#000001184  IRAQ                      
      1187  Customer#000001187  IRAN                      
      1192  Customer#000001192  SAUDI ARABIA              
      1199  Customer#000001199  MOZAMBIQUE                
      1201  Customer#000001201  IRAN                      
      1205  Customer#000001205  INDIA                     
      1210  Customer#000001210  MOZAMBIQUE                
      1216  Customer#000001216  CANADA                    
      1223  Customer#000001223  IRAQ                      
      1225  Customer#000001225  IRAQ                      
      1231  Customer#000001231  INDONESIA                 
      1234  Customer#000001234  ARGENTINA                 
      1240  Customer#000001240  EGYPT                     
      1241  Customer#000001241  CANADA                    
      1243  Customer#000001243  KENYA                     
      1246  Customer#000001246  EGYPT                     
      1247  Customer#000001247  ALGERIA                   
      1249  Customer#000001249  GERMANY                   
      1250  Customer#000001250  INDONESIA                 
      1252  Customer#000001252  JAPAN                     
      1255  Customer#000001255  KENYA                     
      1258  Customer#000001258  CANADA                    
      1261  Customer#000001261  SAUDI ARABIA              
      1267  Customer#000001267  UNITED STATES             
      1270  Customer#000001270  JORDAN                    
      1276  Customer#000001276  MOZAMBIQUE                
      1282  Customer#000001282  KENYA                     
      1292  Customer#000001292  VIETNAM                   
      1301  Customer#000001301  IRAN                      
      1303  Customer#000001303  ETHIOPIA                  
      1306  Customer#000001306  JAPAN                     
      1313  Customer#000001313  UNITED KINGDOM            
      1315  Customer#000001315  IRAN                      
      1316  Customer#000001316  ETHIOPIA                  
      1318  Customer#000001318  KENYA                     
      1321  Customer#000001321  IRAN                      
      1322  Customer#000001322  JORDAN                    
      1324  Customer#000001324  GERMANY                   
      1330  Customer#000001330  ARGENTINA                 
      1336  Customer#000001336  MOZAMBIQUE                
      1340  Customer#000001340  VIETNAM                   
      1342  Customer#000001342  MOZAMBIQUE                
      1343  Customer#000001343  CHINA                     
      1345  Customer#000001345  INDONESIA                 
      1348  Customer#000001348  UNITED KINGDOM            
      1349  Customer#000001349  CHINA                     
      1351  Customer#000001351  ARGENTINA                 
      1355  Customer#000001355  SAUDI ARABIA              
      1357  Customer#000001357  MOROCCO                   
      1366  Customer#000001366  SAUDI ARABIA              
      1369  Customer#000001369  IRAN                      
      1372  Customer#000001372  UNITED KINGDOM            
      1379  Customer#000001379  FRANCE                    
      1381  Customer#000001381  RUSSIA                    
      1384  Customer#000001384  INDIA                     
      1387  Customer#000001387  ROMANIA                   
      1396  Customer#000001396  CANADA                    
      1397  Customer#000001397  INDIA                     
      1402  Customer#000001402  FRANCE                    
      1403  Customer#000001403  JAPAN                     
      1405  Customer#000001405  MOZAMBIQUE                
      1412  Customer#000001412  IRAN                      
      1414  Customer#000001414  SAUDI ARABIA              
      1417  Customer#000001417  ARGENTINA                 
      1423  Customer#000001423  VIETNAM                   
      1429  Customer#000001429  CANADA                    
      1435  Customer#000001435  SAUDI ARABIA              
      1436  Customer#000001436  IRAN                      
      1441  Customer#000001441  UNITED KINGDOM            
      1442  Customer#000001442  MOZAMBIQUE                
      1444  Customer#000001444  GERMANY                   
      1447  Customer#000001447  PERU                      
      1459  Customer#000001459  IRAQ                      
      1463  Customer#000001463  GERMANY                   
      1465  Customer#000001465  INDIA                     
      1468  Customer#000001468  JAPAN                     
      1471  Customer#000001471  ETHIOPIA                  
      1474  Customer#000001474  MOZAMBIQUE                
      1475  Customer#000001475  ALGERIA                   
      1478  Customer#000001478  GERMANY                   
      1480  Customer#000001480  GERMANY                   
      1483  Customer#000001483  GERMANY                   
      1484  Customer#000001484  CHINA                     
      1486  Customer#000001486  UNITED STATES             
      1489  Customer#000001489  INDONESIA                 
      1492  Customer#000001492  ARGENTINA                 
      1495  Customer#000001495  IRAN                      
      1498  Customer#000001498  ROMANIA                   
      1499  Customer#000001499  CANADA                    


