679  Customer#000000679  378211.33 1394.44  IRAN                        IJf1FlZL9I9m,rvofcoKy5pRUOjUQV             20-146-696-9508   regular ideas promise against the furiously final deposits. f                                            
1201  Customer#000001201  374331.53 5165.39  IRAN                        LfCSVKWozyWOGDW02g9UX,XgH5YU2o5ql1zBrN     20-825-400-1187   fluffily final grouches doubt. bold dependencies dazzle caref                                            
422  Customer#000000422  366451.01 -272.14  INDONESIA                   AyNzZBvmIDo42JtjP9xzaK3pnvkh Qc0o08ssnvq   19-299-247-2444   furiously ironic asymptotes are slyly ironic, ironic requests. bold,                                     
334  Customer#000000334  360370.76 -405.91  EGYPT                       OPN1N7t4aQ23TnCpc                          14-947-291-5002   packages boost blithely carefully final depend                                                           
805  Customer#000000805  359448.90 511.69  IRAN                        wCKx5zcHvwpSffyc9qfi9dvqcm9LT,cLAG         20-732-989-5653   slyly ironic ideas about the regular packages cajole ironic deposits. furiously regular notornis affix b 
932  Customer#000000932  341608.28 6553.37  JORDAN                      HN9Ap0NsJG7Mb8O                            23-300-708-7927   blithely ironic frets above the quickly even courts hagg                                                 
853  Customer#000000853  341236.62 -444.73  BRAZIL                      U0 9PrwAgWK8AE0GHmnCGtH9BTexWWv87k         12-869-161-3468   special, daring packages above the care                                                                  
872  Customer#000000872  338328.78 -858.61  PERU                        vLP7iNZBK4B,HANFTKabVI3AO Y9O8H            27-357-139-7164   dogged accounts sleep carefully pending ep                                                               
737  Customer#000000737  338185.34 2501.74  CHINA                       NdjG1k243iCLSoy1lYqMIrpvuH1Uf75            28-658-938-1102   bold theodolites are furiously. blithely express p                                                       
1118  Customer#000001118  319875.73 4130.18  IRAQ                        QHg,DNvEVXaYoCdrywazjAJ                    21-583-715-8627   furiously final pinto beans maintain.                                                                    
223  Customer#000000223  319564.28 7476.20  SAUDI ARABIA                ftau6Pk,brboMyEl,,kFm                      30-193-643-1517   carefully regular deposits boost after the even foxes. slyly even requests haggle.                       
808  Customer#000000808  314774.62 5561.93  ROMANIA                     S2WkSKCGtnbhcFOp6MWcuB3rzFlFemVNrg         29-531-319-7726   ironic, special gifts according to the quickly final deposits impress blith                              
478  Customer#000000478  299651.80 -210.40  ARGENTINA                   clyq458DIkXXt4qLyHlbe,n JueoniF            11-655-291-2694   even notornis nag slyly ironic instructions. fluf                                                        
1441  Customer#000001441  294705.39 9465.15  UNITED KINGDOM              u0YYZb46w,pwKo5H9vz d6B9zK4BOHhG jx        33-681-334-4499   even theodolites nag. slyly silent requests use slyly among the ironic theodolites. blithely ironic      
1478  Customer#000001478  294431.92 9701.54  GERMANY                     x7HDvJDDpR3MqZ5vg2CanfQ1hF0j4              17-420-484-5959   express, ironic requests haggle carefully according to th                                                
211  Customer#000000211  287905.64 4198.72  JORDAN                      URhlVPzz4FqXem                             23-965-335-9471   instructions lose carefully against the carefully expres                                                 
197  Customer#000000197  283190.48 9860.22  ARGENTINA                   UeVqssepNuXmtZ38D                          11-107-312-6585   regular, ironic packages about the s                                                                     
1030  Customer#000001030  282557.36 6359.27  INDIA                       Xpt1BiB5h9o                                18-759-877-1870   carefully express asymptotes are after the blithe deposits. regular pl                                   
1049  Customer#000001049  281134.11 8747.99  INDONESIA                   bZ1OcFhHaIZ5gMiH                           19-499-258-2851   ironic, unusual dependencies sleep across the quickly reg                                                
1094  Customer#000001094  274877.44 2544.49  BRAZIL                      OFz0eedTmPmXk2 3XM9v9Mcp13NVC0PK           12-234-721-9871   regular, regular accounts boost special instructions. bold, final accounts at the regular pa             

